SF:lib\core\security\session_manager.dart
DA:5,1
DA:6,3
DA:10,1
DA:11,1
DA:15,1
DA:16,1
DA:17,1
DA:18,3
DA:19,2
DA:20,2
DA:21,3
DA:24,1
DA:25,2
DA:28,1
DA:29,2
DA:32,1
DA:33,2
DA:35,1
DA:36,3
DA:40,1
DA:41,1
DA:44,1
DA:46,0
DA:49,1
DA:52,0
DA:53,0
DA:54,0
DA:55,0
DA:58,1
DA:60,1
DA:61,6
DA:65,0
DA:66,0
DA:67,0
DA:68,0
LF:35
LH:26
end_of_record
SF:lib\core\security\secret_store.dart
DA:15,1
DA:17,2
DA:20,1
DA:21,2
DA:23,0
DA:25,0
DA:38,0
DA:40,0
DA:42,0
DA:45,0
DA:47,0
DA:50,0
DA:52,0
LF:13
LH:4
end_of_record
SF:lib\core\security\validators.dart
DA:4,0
DA:5,0
DA:6,0
DA:10,1
DA:11,2
DA:12,1
DA:14,1
DA:15,1
DA:19,1
DA:20,3
DA:21,1
DA:22,4
DA:28,1
DA:29,1
DA:30,1
DA:32,1
DA:35,1
DA:39,1
DA:40,1
DA:41,1
DA:42,2
DA:44,2
DA:45,2
DA:46,2
DA:48,2
DA:56,0
DA:57,0
DA:59,0
DA:63,1
DA:66,2
DA:67,3
LF:31
LH:25
end_of_record
SF:lib\core\security\rate_limiter.dart
DA:10,1
DA:12,1
DA:13,1
DA:14,3
DA:15,1
DA:16,1
DA:17,2
DA:23,0
DA:24,0
DA:25,0
DA:28,1
DA:29,1
DA:30,4
DA:31,1
DA:32,1
DA:35,0
DA:36,0
DA:39,2
DA:40,3
DA:41,3
LF:20
LH:15
end_of_record
SF:lib\main.dart
DA:17,0
DA:18,0
DA:19,0
DA:20,0
DA:26,0
DA:29,0
DA:38,0
DA:40,0
DA:44,0
DA:45,0
DA:49,0
DA:52,0
DA:53,0
DA:54,0
DA:56,0
DA:61,0
DA:67,0
DA:74,0
DA:76,0
DA:77,0
DA:79,0
DA:86,1
DA:88,1
DA:90,1
DA:93,1
LF:25
LH:4
end_of_record
SF:lib\core\logging\app_logger.dart
DA:6,0
DA:9,0
DA:11,0
DA:12,0
DA:13,0
DA:19,0
DA:20,0
DA:23,0
DA:24,0
DA:25,0
DA:26,0
DA:27,0
DA:31,0
DA:35,0
LF:14
LH:0
end_of_record
SF:lib\core\logging\crash_reporter.dart
DA:10,0
DA:12,0
DA:18,0
DA:23,0
LF:4
LH:0
end_of_record
SF:lib\core\logging\telemetry.dart
DA:6,0
DA:9,0
DA:11,0
DA:12,0
DA:18,0
DA:22,0
LF:6
LH:0
end_of_record
SF:lib\core\permissions\permission_service.dart
DA:4,0
DA:5,0
DA:6,0
DA:7,0
DA:8,0
DA:11,0
DA:12,0
DA:16,0
DA:17,0
DA:18,0
DA:19,0
DA:20,0
LF:12
LH:0
end_of_record
SF:lib\core\themes\app_theme.dart
DA:5,1
DA:6,1
DA:8,1
DA:18,1
DA:19,1
DA:23,1
DA:24,1
DA:32,1
DA:35,1
DA:36,1
LF:10
LH:10
end_of_record
SF:lib\features\auth\presentation\pages\login_screen.dart
DA:15,1
DA:17,0
DA:18,0
DA:28,0
DA:30,0
DA:31,0
DA:32,0
DA:35,0
DA:36,0
DA:37,0
DA:42,0
DA:43,0
DA:45,0
DA:46,0
DA:47,0
DA:49,0
DA:50,0
DA:51,0
DA:54,0
DA:55,0
DA:56,0
DA:57,0
DA:58,0
DA:60,0
DA:61,0
DA:62,0
DA:63,0
DA:66,0
DA:67,0
DA:71,0
DA:74,0
DA:78,0
DA:80,0
DA:82,0
DA:83,0
DA:84,0
DA:86,0
DA:87,0
DA:88,0
DA:89,0
DA:93,0
DA:95,0
DA:97,0
DA:98,0
DA:99,0
DA:102,0
DA:104,0
DA:105,0
DA:107,0
DA:109,0
DA:111,0
DA:119,0
DA:121,0
DA:128,0
DA:133,0
DA:135,0
DA:137,0
DA:138,0
DA:139,0
LF:59
LH:1
end_of_record
SF:lib\shared\widgets\custom_button.dart
DA:11,1
DA:20,1
DA:22,1
DA:25,1
DA:26,2
DA:27,1
DA:28,1
DA:29,1
DA:30,1
DA:31,1
DA:34,1
DA:43,1
DA:44,1
LF:13
LH:13
end_of_record
SF:lib\shared\widgets\custom_text_field.dart
DA:17,0
DA:31,0
DA:32,0
DA:38,0
DA:40,0
DA:41,0
DA:42,0
DA:43,0
DA:44,0
DA:45,0
DA:46,0
DA:47,0
DA:48,0
DA:49,0
DA:50,0
DA:51,0
DA:52,0
DA:53,0
DA:55,0
DA:58,0
DA:59,0
DA:60,0
DA:61,0
DA:62,0
DA:63,0
DA:64,0
DA:67,0
DA:68,0
DA:69,0
DA:76,0
DA:77,0
LF:31
LH:0
end_of_record
SF:lib\shared\widgets\logo_widget.dart
DA:9,1
DA:16,1
DA:18,1
DA:20,1
DA:21,1
DA:22,1
DA:23,1
DA:35,2
DA:45,2
DA:47,1
DA:48,1
LF:11
LH:11
end_of_record
SF:lib\features\auth\presentation\pages\register_screen.dart
DA:17,1
DA:19,0
DA:20,0
DA:32,0
DA:34,0
DA:35,0
DA:36,0
DA:37,0
DA:38,0
DA:41,0
DA:42,0
DA:43,0
DA:52,0
DA:53,0
DA:55,0
DA:56,0
DA:57,0
DA:67,0
DA:68,0
DA:69,0
DA:71,0
DA:73,0
DA:74,0
DA:75,0
DA:76,0
DA:77,0
DA:81,0
DA:82,0
DA:85,0
DA:86,0
DA:87,0
DA:88,0
DA:89,0
DA:91,0
DA:92,0
DA:93,0
DA:94,0
DA:97,0
DA:98,0
DA:102,0
DA:107,0
DA:109,0
DA:111,0
DA:114,0
DA:116,0
DA:119,0
DA:120,0
DA:121,0
DA:123,0
DA:124,0
DA:125,0
DA:126,0
DA:129,0
DA:131,0
DA:133,0
DA:134,0
DA:135,0
DA:136,0
DA:142,0
DA:144,0
DA:145,0
DA:154,0
DA:164,0
DA:166,0
DA:174,0
DA:176,0
DA:186,0
DA:188,0
DA:191,0
DA:192,0
DA:193,0
DA:200,0
DA:202,0
DA:211,0
DA:213,0
DA:214,0
DA:219,0
DA:221,0
DA:227,0
DA:228,0
DA:229,0
DA:230,0
DA:231,0
DA:240,0
DA:246,0
DA:247,0
DA:248,0
DA:249,0
DA:250,0
DA:266,0
DA:267,0
DA:268,0
DA:269,0
DA:270,0
DA:284,0
DA:286,0
DA:287,0
DA:295,0
DA:297,0
DA:302,0
DA:303,0
LF:101
LH:1
end_of_record
SF:lib\features\home\presentation\pages\home_screen.dart
DA:18,1
DA:20,0
DA:21,0
DA:36,0
DA:38,0
DA:39,0
DA:42,0
DA:43,0
DA:45,0
DA:46,0
DA:47,0
DA:51,0
DA:54,0
DA:55,0
DA:56,0
DA:57,0
DA:59,0
DA:60,0
DA:63,0
DA:64,0
DA:65,0
DA:66,0
DA:70,0
DA:72,0
DA:73,0
DA:74,0
DA:75,0
DA:76,0
DA:78,0
DA:83,0
DA:84,0
DA:85,0
DA:86,0
DA:87,0
DA:92,0
DA:93,0
DA:94,0
DA:95,0
DA:99,0
DA:103,0
DA:104,0
DA:105,0
DA:106,0
DA:107,0
DA:108,0
DA:112,0
DA:113,0
DA:114,0
DA:115,0
DA:120,0
DA:122,0
DA:123,0
DA:125,0
DA:126,0
DA:127,0
DA:128,0
DA:130,0
DA:132,0
DA:135,0
DA:137,0
DA:138,0
DA:139,0
DA:140,0
DA:141,0
DA:143,0
DA:144,0
DA:151,0
DA:152,0
DA:153,0
DA:155,0
DA:157,0
DA:162,0
DA:164,0
DA:165,0
DA:172,0
DA:174,0
DA:176,0
DA:180,0
DA:182,0
DA:183,0
DA:186,0
DA:188,0
DA:189,0
DA:192,0
DA:193,0
DA:194,0
DA:195,0
DA:197,0
DA:199,0
DA:203,0
DA:205,0
DA:208,0
DA:218,0
DA:219,0
DA:220,0
DA:222,0
DA:223,0
DA:224,0
DA:226,0
DA:227,0
DA:228,0
DA:231,0
DA:238,0
DA:239,0
DA:241,0
DA:242,0
DA:243,0
DA:246,0
DA:247,0
DA:248,0
DA:251,0
DA:252,0
DA:261,0
DA:262,0
DA:264,0
DA:265,0
DA:266,0
DA:267,0
DA:271,0
DA:272,0
DA:276,0
DA:285,0
DA:290,0
DA:292,0
DA:293,0
DA:296,0
DA:298,0
DA:299,0
DA:300,0
DA:303,0
DA:305,0
DA:306,0
DA:307,0
DA:308,0
DA:309,0
DA:311,0
DA:312,0
DA:314,0
DA:318,0
DA:320,0
DA:321,0
DA:322,0
DA:324,0
DA:329,0
DA:331,0
DA:332,0
DA:333,0
DA:337,0
DA:340,0
DA:342,0
DA:343,0
LF:151
LH:1
end_of_record
SF:lib\shared\pages\document_viewer.dart
DA:9,1
DA:15,0
DA:16,0
DA:23,0
DA:25,0
DA:26,0
DA:29,0
DA:31,0
DA:32,0
DA:33,0
DA:34,0
DA:35,0
DA:39,0
DA:40,0
DA:45,0
DA:47,0
DA:48,0
DA:49,0
DA:50,0
DA:51,0
DA:53,0
DA:55,0
DA:56,0
DA:57,0
LF:24
LH:1
end_of_record
SF:lib\features\auth\presentation\pages\splash_screen.dart
DA:12,1
DA:14,1
DA:15,1
DA:23,1
DA:25,1
DA:26,2
DA:31,3
DA:32,1
DA:33,1
DA:38,3
DA:39,1
DA:40,1
DA:45,2
DA:48,2
DA:49,1
DA:52,1
DA:59,3
DA:60,2
DA:65,1
DA:67,2
DA:68,1
DA:71,1
DA:73,1
DA:75,1
DA:76,1
DA:77,1
DA:78,1
DA:79,1
LF:28
LH:28
end_of_record
SF:lib\features\auth\presentation\pages\welcome_screen.dart
DA:8,1
DA:10,1
DA:11,1
DA:36,1
DA:38,2
DA:39,1
DA:42,1
DA:44,1
DA:46,1
DA:47,1
DA:48,1
DA:49,1
DA:50,1
DA:51,1
DA:52,0
DA:53,2
DA:54,4
DA:57,1
DA:58,1
DA:60,1
DA:61,1
DA:62,1
DA:63,5
DA:66,0
DA:67,0
DA:68,0
DA:69,0
DA:70,0
DA:74,0
DA:82,5
DA:83,1
DA:84,0
DA:85,0
DA:86,0
DA:87,0
DA:108,1
DA:109,1
DA:111,1
DA:113,1
DA:114,1
DA:121,1
DA:122,1
DA:128,1
DA:129,1
DA:139,1
DA:140,1
DA:153,1
DA:154,1
DA:156,1
DA:157,2
DA:158,2
DA:160,2
DA:162,1
DA:163,2
DA:165,1
DA:166,1
DA:179,1
LF:57
LH:46
end_of_record
SF:lib\features\home\data\menu_repository.dart
DA:7,1
DA:10,0
DA:12,0
DA:13,0
DA:14,0
DA:15,0
DA:16,0
DA:17,0
DA:18,0
DA:19,0
DA:21,0
DA:23,0
DA:24,0
DA:25,0
DA:26,0
DA:27,0
DA:30,0
DA:31,0
DA:33,0
DA:35,0
DA:36,0
DA:40,0
DA:41,0
DA:42,0
DA:43,0
DA:44,0
DA:45,0
DA:46,0
DA:47,0
DA:48,0
DA:49,0
DA:50,0
DA:51,0
DA:52,0
DA:54,0
DA:55,0
DA:56,0
DA:59,0
DA:71,0
DA:72,0
DA:78,0
DA:79,0
DA:82,0
DA:88,0
DA:89,0
DA:91,0
DA:97,0
DA:98,0
DA:100,0
DA:106,0
DA:107,0
LF:51
LH:1
end_of_record
SF:lib\features\home\models\models.dart
DA:11,0
DA:13,0
DA:15,0
DA:17,0
DA:19,0
DA:27,0
DA:29,0
DA:31,0
DA:33,0
DA:35,0
DA:37,0
DA:47,1
DA:60,1
DA:78,0
DA:89,0
DA:91,0
DA:92,0
DA:93,0
DA:94,0
DA:97,0
DA:98,0
DA:99,0
DA:102,0
DA:103,0
DA:104,0
DA:105,0
DA:106,0
DA:109,0
DA:110,0
DA:111,0
DA:118,0
DA:119,0
DA:120,0
DA:121,0
DA:122,0
DA:123,0
DA:126,0
DA:127,0
DA:128,0
DA:130,0
DA:138,0
DA:149,0
DA:156,0
DA:157,0
DA:158,0
DA:161,0
DA:163,0
DA:169,0
DA:170,0
DA:171,0
DA:172,0
DA:173,0
DA:177,0
DA:178,0
DA:179,0
DA:180,0
DA:181,0
DA:182,0
DA:183,0
DA:184,0
DA:186,0
DA:187,0
DA:188,0
DA:189,0
DA:190,0
DA:192,0
DA:193,0
DA:194,0
DA:195,0
DA:205,0
DA:208,0
DA:210,0
DA:211,0
LF:73
LH:2
end_of_record
SF:lib\features\home\data\order_repository.dart
DA:11,0
DA:12,0
DA:16,0
DA:20,0
DA:23,0
DA:24,0
DA:26,0
DA:27,0
DA:28,0
DA:31,0
DA:34,0
DA:35,0
DA:36,0
DA:37,0
DA:40,0
DA:43,0
DA:44,0
DA:45,0
DA:46,0
DA:47,0
DA:48,0
DA:52,0
DA:53,0
DA:56,0
DA:59,0
DA:60,0
DA:61,0
DA:62,0
DA:64,0
DA:65,0
DA:66,0
DA:67,0
DA:71,0
DA:72,0
DA:73,0
DA:74,0
DA:75,0
LF:37
LH:0
end_of_record
SF:lib\features\home\presentation\pages\beverage_detail_screen.dart
DA:11,0
DA:17,0
DA:18,0
DA:26,0
DA:28,0
DA:29,0
DA:32,0
DA:33,0
DA:34,0
DA:35,0
DA:36,0
DA:37,0
DA:40,0
DA:42,0
DA:44,0
DA:45,0
DA:47,0
DA:48,0
DA:49,0
DA:51,0
DA:53,0
DA:54,0
DA:55,0
DA:61,0
DA:63,0
DA:64,0
DA:65,0
DA:66,0
DA:67,0
DA:68,0
DA:71,0
DA:76,0
DA:77,0
DA:79,0
DA:81,0
DA:82,0
DA:83,0
DA:84,0
DA:85,0
DA:86,0
DA:87,0
DA:89,0
DA:91,0
DA:95,0
DA:100,0
DA:102,0
DA:103,0
DA:104,0
DA:105,0
DA:106,0
DA:107,0
DA:108,0
DA:111,0
DA:112,0
DA:113,0
DA:117,0
DA:119,0
DA:121,0
DA:129,0
DA:131,0
DA:133,0
DA:134,0
DA:135,0
DA:136,0
DA:137,0
DA:139,0
DA:141,0
LF:67
LH:0
end_of_record
SF:lib\features\home\presentation\pages\cart_screen.dart
DA:14,0
DA:16,0
DA:17,0
DA:25,0
DA:27,0
DA:28,0
DA:31,0
DA:33,0
DA:34,0
DA:35,0
DA:38,0
DA:39,0
DA:40,0
DA:43,0
DA:44,0
DA:45,0
DA:46,0
DA:47,0
DA:50,0
DA:51,0
DA:52,0
DA:54,0
DA:56,0
DA:60,0
DA:61,0
DA:64,0
DA:66,0
DA:67,0
DA:68,0
DA:70,0
DA:71,0
DA:72,0
DA:73,0
DA:77,0
DA:78,0
DA:79,0
DA:81,0
DA:83,0
DA:84,0
DA:88,0
DA:89,0
DA:90,0
DA:91,0
DA:92,0
DA:93,0
DA:94,0
DA:95,0
DA:96,0
DA:97,0
DA:98,0
DA:100,0
DA:102,0
DA:103,0
DA:105,0
DA:106,0
DA:107,0
DA:108,0
DA:111,0
DA:113,0
DA:114,0
DA:116,0
DA:117,0
DA:119,0
DA:129,0
DA:130,0
DA:131,0
DA:132,0
DA:133,0
DA:135,0
DA:137,0
DA:141,0
DA:143,0
DA:144,0
DA:153,0
DA:155,0
DA:157,0
DA:158,0
LF:77
LH:0
end_of_record
SF:lib\features\home\utils\recommendations.dart
DA:4,0
DA:7,0
DA:8,0
DA:9,0
DA:10,0
DA:11,0
DA:12,0
DA:15,0
DA:17,0
DA:19,0
DA:21,0
DA:23,0
DA:25,0
LF:13
LH:0
end_of_record
SF:lib\features\home\presentation\pages\order_status_screen.dart
DA:11,0
DA:17,0
DA:19,0
DA:20,0
DA:21,0
DA:23,0
DA:24,0
DA:26,0
DA:27,0
DA:28,0
DA:29,0
DA:31,0
DA:32,0
DA:34,0
DA:36,0
DA:47,0
DA:48,0
DA:54,0
DA:55,0
DA:56,0
DA:57,0
DA:59,0
DA:60,0
DA:62,0
LF:24
LH:0
end_of_record
SF:lib\features\home\presentation\pages\permissions_screen.dart
DA:8,1
DA:10,0
DA:11,0
DA:18,0
DA:20,0
DA:21,0
DA:24,0
DA:25,0
DA:26,0
DA:27,0
DA:28,0
DA:30,0
DA:31,0
DA:32,0
DA:33,0
DA:34,0
DA:38,0
DA:40,0
DA:41,0
DA:42,0
DA:45,0
DA:46,0
DA:50,0
DA:51,0
DA:52,0
DA:56,0
DA:57,0
DA:58,0
DA:59,0
DA:60,0
DA:61,0
DA:62,0
DA:65,0
DA:66,0
DA:67,0
DA:68,0
DA:69,0
DA:71,0
DA:72,0
DA:73,0
DA:74,0
DA:79,0
DA:81,0
DA:82,0
DA:83,0
DA:85,0
DA:86,0
DA:87,0
DA:89,0
DA:90,0
DA:91,0
DA:92,0
DA:93,0
DA:95,0
DA:96,0
DA:97,0
DA:98,0
DA:99,0
DA:100,0
DA:102,0
DA:103,0
LF:61
LH:1
end_of_record
SF:lib\firebase_options.dart
DA:10,0
DA:14,0
DA:15,0
DA:17,0
DA:19,0
DA:21,0
DA:23,0
LF:7
LH:0
end_of_record
